<?xml version="1.0" encoding="UTF-8"?>
<!-- Generated by org.testng.reporters.JUnitReportReporter -->
<testsuite hostname="U-DD2X5T3" failures="0" tests="2" name="rb.test.HashmapConsumerTest" time="7.023" errors="0" timestamp="2023-08-01T14:53:39 IST" skipped="0">
  <testcase classname="rb.test.HashmapConsumerTest" name="testHashMapDataProvider" time="2.897"/>
  <testcase classname="rb.test.HashmapConsumerTest" name="testHashMapDataProvider" time="4.126"/>
</testsuite> <!-- rb.test.HashmapConsumerTest -->
